<?xml version="1.0" encoding="UTF-8"?>
<!-- Generated by org.testng.reporters.JUnitXMLReporter -->
<testsuite ignored="0" hostname="DESKTOP-BFVC9P9" failures="0" tests="3" name="Default test" time="9.749" errors="0" timestamp="2024-07-02T15:13:35 IST">
  <testcase classname="PageObjectModel1.LoginPageTest" name="verifyUrl" time="0.025"/>
  <testcase classname="PageObjectModel1.LoginPageTest" name="verifyTitle" time="0.016"/>
  <testcase classname="PageObjectModel1.LoginPageTest" name="verifyLogin" time="1.968"/>
</testsuite> <!-- Default test -->
