<?xml version="1.0" encoding="UTF-8"?>
<testng-results ignored="0" total="3" passed="3" failed="0" skipped="0">
  <reporter-output>
  </reporter-output>
  <suite started-at="2024-07-02T15:13:25 IST" name="Default suite" finished-at="2024-07-02T15:13:35 IST" duration-ms="9749">
    <groups>
    </groups>
    <test started-at="2024-07-02T15:13:25 IST" name="Default test" finished-at="2024-07-02T15:13:35 IST" duration-ms="9749">
      <class name="PageObjectModel1.LoginPageTest">
        <test-method is-config="true" signature="setUp()[pri:0, instance:PageObjectModel1.LoginPageTest@63376bed]" started-at="2024-07-02T15:13:25 IST" name="setUp" finished-at="2024-07-02T15:13:33 IST" duration-ms="7680" status="PASS">
          <reporter-output>
          </reporter-output>
        </test-method> <!-- setUp -->
        <test-method signature="verifyUrl()[pri:1, instance:PageObjectModel1.LoginPageTest@63376bed]" started-at="2024-07-02T15:13:33 IST" name="verifyUrl" finished-at="2024-07-02T15:13:33 IST" duration-ms="25" status="PASS">
          <reporter-output>
          </reporter-output>
        </test-method> <!-- verifyUrl -->
        <test-method signature="verifyTitle()[pri:2, instance:PageObjectModel1.LoginPageTest@63376bed]" started-at="2024-07-02T15:13:33 IST" name="verifyTitle" finished-at="2024-07-02T15:13:33 IST" duration-ms="16" status="PASS">
          <reporter-output>
          </reporter-output>
        </test-method> <!-- verifyTitle -->
        <test-method signature="verifyLogin()[pri:3, instance:PageObjectModel1.LoginPageTest@63376bed]" started-at="2024-07-02T15:13:33 IST" name="verifyLogin" finished-at="2024-07-02T15:13:35 IST" duration-ms="1968" status="PASS">
          <reporter-output>
          </reporter-output>
        </test-method> <!-- verifyLogin -->
        <test-method is-config="true" signature="tearDown()[pri:0, instance:PageObjectModel1.LoginPageTest@63376bed]" started-at="2024-07-02T15:13:35 IST" name="tearDown" finished-at="2024-07-02T15:13:35 IST" duration-ms="1" status="PASS">
          <reporter-output>
          </reporter-output>
        </test-method> <!-- tearDown -->
      </class> <!-- PageObjectModel1.LoginPageTest -->
    </test> <!-- Default test -->
  </suite> <!-- Default suite -->
</testng-results>
